2021-05-31 14:10:24,352 INFO: Flask CMS startup
2021-05-31 14:10:25,215 INFO: Flask CMS startup
2021-05-31 14:10:38,998 INFO: Flask CMS startup
2021-05-31 14:10:39,851 INFO: Flask CMS startup
2021-05-31 14:11:00,811 INFO: ImmutableMultiDict([('csrf_token', 'ImJlYjQ2N2NmNzQ3Nzg5ZThjMjhlZmVmMTQ2NWE3YWY4M2QzYmZlZTAi.YLRh0A.oX478f7W1r6g-wmVkg4SRQggSFQ'), ('email', 'kevin_foong@yahoo.com'), ('password', 'abc'), ('submit', 'Log In')])
2021-06-01 16:45:24,117 INFO: Flask CMS startup
2021-06-01 16:45:25,243 INFO: Flask CMS startup
2021-06-01 17:01:51,218 INFO: ImmutableMultiDict([('csrf_token', 'IjlmNDU3ODQ2YzQxNzdmZDI2M2U3MjNmNWI1NGRhMDc5MWFjZDEwNmMi.YLXbWA.iaXSUjrJmolwoIXsY4rXnkt9XkY'), ('email', 'kevin_foong@yahoo.com'), ('password', 'abc')])
2021-06-01 17:04:35,836 INFO: ImmutableMultiDict([('csrf_token', 'IjlmNDU3ODQ2YzQxNzdmZDI2M2U3MjNmNWI1NGRhMDc5MWFjZDEwNmMi.YLXcAA.4ngZg14ByhKjmEjDM2oAU3WdYCM'), ('email', 'kevin_foong@yahoo.com'), ('password', 'abchh')])
2021-06-01 21:13:54,657 INFO: Flask CMS startup
2021-06-01 21:13:55,696 INFO: Flask CMS startup
2021-06-01 21:38:46,896 INFO: ImmutableMultiDict([('csrf_token', 'ImFmZmYxOTRkNmVhZWJkNzM2ODk0NTFhNzUzMzIyZjU0YzQxMzI5NGEi.YLYcQg.J2f26YvbpOusA4ChiD6k4B8Bul4'), ('email', 'kevin_foong@yahoo.com'), ('password', 'abc'), ('remember_me', 'y')])
2021-06-01 21:50:52,640 INFO: Flask CMS startup
2021-06-01 21:50:59,935 INFO: Flask CMS startup
2021-06-01 21:56:29,243 INFO: Flask CMS startup
2021-06-01 21:56:33,651 INFO: Flask CMS startup
2021-06-01 21:58:02,423 INFO: Flask CMS startup
2021-06-01 23:38:39,672 INFO: Flask CMS startup
2021-06-01 23:38:40,567 INFO: Flask CMS startup
2021-06-01 23:40:28,671 INFO: Flask CMS startup
